<?xml version="1.0" encoding="UTF-8"?>
<!-- Generated by org.testng.reporters.JUnitXMLReporter -->
<testsuite ignored="0" hostname="DESKTOP-15ML99K" failures="0" tests="3" name="citySelection" time="16.517" errors="0" timestamp="2022-09-06T18:43:43 SAMT">
  <testcase classname="tests.CitySelectTest" name="citySelect" time="5.887"/>
  <testcase classname="tests.CitySelectTest" name="citySelect" time="5.01"/>
  <testcase classname="tests.CitySelectTest" name="citySelect" time="4.68"/>
</testsuite> <!-- citySelection -->
