<?xml version="1.0" encoding="UTF-8"?>
<!-- Generated by org.testng.reporters.JUnitXMLReporter -->
<testsuite ignored="0" hostname="DESKTOP-15ML99K" failures="0" tests="3" name="search" time="20.641" errors="0" timestamp="2022-09-06T18:44:04 SAMT">
  <testcase classname="tests.SearchTest" name="maxSearchItemsTest" time="5.433"/>
  <testcase classname="tests.SearchTest" name="searchFromSearchResultsPage" time="5.587"/>
  <testcase classname="tests.SearchTest" name="searchResultsLinkToServiceTest" time="7.676"/>
</testsuite> <!-- search -->
